        -:    0:Source:coverage.c
        -:    0:Graph:coverage.gcno
        -:    0:Data:coverage.gcda
        -:    0:Runs:17
        -:    0:Programs:1
        -:    1:#include <stdio.h>
        -:    2:
        -:    3:static int v[] = {
        -:    4:  211,  333, 319, 411, 911, 1001,
        -:    5:};
        -:    6:
       25:    7:static int compute(int a, int b, int c) {
       25:    8:  int s = v[2];
       25:    9:  if (v[0] < a && a < v[1]) {
       22:   10:    if (b < v[2]) { 
        4:   11:      s += v[2];
        4:   12:      if (c < v[3]) {
        3:   13:	s += v[4];
        -:   14:      }
        -:   15:      else {
        1:   16:	s += v[3];
        -:   17:      }
        -:   18:    }
        -:   19:    else {
        7:   20:      s += v[1];
        7:   21:      if (c < v[1]) {
        3:   22:	s += v[4];
        -:   23:      }
        -:   24:      else {
        4:   25:	s += v[2];
        -:   26:      }
        -:   27:    }
        -:   28:  }
        -:   29:  else {
       14:   30:    if (b < v[3]) {
        7:   31:      if (c < v[4]) {
        5:   32:	s += v[5];
        -:   33:      }
        -:   34:      else {
        2:   35:	s += v[1];
        -:   36:      }
        -:   37:    }
        -:   38:    else {
        7:   39:      if (c < v[2]) {
        1:   40:	s += v[1];
        -:   41:      }
        -:   42:      else {
        6:   43:	s += v[3];
        -:   44:      }
        -:   45:    }
        -:   46:  }
       25:   47:  return s;
        -:   48:}
        -:   49:
        -:   50:int 
       17:   51:main()
        -:   52:{
        -:   53:  int a, b, c;
       42:   54:  while (scanf("%d %d %d", &a, &b, &c) == 3) {
       25:   55:    printf("compute(%d, %d, %d) = %d\n", a, b, c, compute(a, b, c));
        -:   56:  }
       17:   57:  return 0;
        -:   58:}
